#
# There is insufficient memory for the Java Runtime Environment to continue.
# Native memory allocation (malloc) failed to allocate 335856 bytes for Chunk::new
# Possible reasons:
#   The system is out of physical RAM or swap space
#   In 32 bit mode, the process size limit was hit
# Possible solutions:
#   Reduce memory load on the system
#   Increase physical memory or swap space
#   Check if swap backing store is full
#   Use 64 bit Java on a 64 bit OS
#   Decrease Java heap size (-Xmx/-Xms)
#   Decrease number of Java threads
#   Decrease Java thread stack sizes (-Xss)
#   Set larger code cache with -XX:ReservedCodeCacheSize=
# This output file may be truncated or incomplete.
#
#  Out of Memory Error (allocation.cpp:390), pid=9664, tid=0x0000000000002794
#
# JRE version: Java(TM) SE Runtime Environment (8.0_181-b13) (build 1.8.0_181-b13)
# Java VM: Java HotSpot(TM) 64-Bit Server VM (25.181-b13 mixed mode windows-amd64 compressed oops)
# Failed to write core dump. Minidumps are not enabled by default on client versions of Windows
#

---------------  T H R E A D  ---------------

Current thread (0x0000000019efc800):  JavaThread "C2 CompilerThread1" daemon [_thread_in_native, id=10132, stack(0x000000001a680000,0x000000001a780000)]

Stack: [0x000000001a680000,0x000000001a780000]
[error occurred during error reporting (printing stack bounds), id 0xc0000005]

Native frames: (J=compiled Java code, j=interpreted, Vv=VM code, C=native code)


Current CompileTask:
C2:   3218 3546       4       org.springframework.core.annotation.TypeMappedAnnotations::get (52 bytes)


---------------  P R O C E S S  ---------------

Java Threads: ( => current thread )
  0x000000001d360000 JavaThread "ForkJoinPool.commonPool-worker-1" daemon [_thread_blocked, id=8436, stack(0x0000000020e60000,0x0000000020f60000)]
  0x000000001d2b1800 JavaThread "mysql-cj-abandoned-connection-cleanup" daemon [_thread_blocked, id=14240, stack(0x000000001f6d0000,0x000000001f7d0000)]
  0x0000000019f8f800 JavaThread "Service Thread" daemon [_thread_blocked, id=12900, stack(0x000000001a880000,0x000000001a980000)]
  0x0000000019efd800 JavaThread "C1 CompilerThread2" daemon [_thread_blocked, id=268, stack(0x000000001a780000,0x000000001a880000)]
=>0x0000000019efc800 JavaThread "C2 CompilerThread1" daemon [_thread_in_native, id=10132, stack(0x000000001a680000,0x000000001a780000)]
  0x0000000019efa800 JavaThread "C2 CompilerThread0" daemon [_thread_in_native, id=2768, stack(0x000000001a580000,0x000000001a680000)]
  0x0000000019ee3800 JavaThread "Monitor Ctrl-Break" daemon [_thread_in_native, id=13020, stack(0x000000001a480000,0x000000001a580000)]
  0x0000000018518000 JavaThread "Attach Listener" daemon [_thread_blocked, id=9256, stack(0x000000001a380000,0x000000001a480000)]
  0x0000000019ed6800 JavaThread "Signal Dispatcher" daemon [_thread_blocked, id=5672, stack(0x000000001a280000,0x000000001a380000)]
  0x00000000184f2000 JavaThread "Finalizer" daemon [_thread_blocked, id=9372, stack(0x0000000019d80000,0x0000000019e80000)]
  0x000000000368b800 JavaThread "Reference Handler" daemon [_thread_blocked, id=1700, stack(0x0000000019c80000,0x0000000019d80000)]
  0x0000000003592800 JavaThread "main" [_thread_blocked, id=7392, stack(0x0000000003490000,0x0000000003590000)]

Other Threads:
  0x00000000184c8000 VMThread [stack: 0x0000000019b80000,0x0000000019c80000] [id=9824]
  0x0000000019ff6000 WatcherThread [stack: 0x000000001a980000,0x000000001aa80000] [id=11500]

VM state:not at safepoint (normal execution)

VM Mutex/Monitor currently owned by a thread: None

Heap:
 PSYoungGen      total 205824K, used 122213K [0x00000000d5f00000, 0x00000000e4c80000, 0x0000000100000000)
  eden space 195072K, 62% used [0x00000000d5f00000,0x00000000dd659738,0x00000000e1d80000)
  from space 10752K, 0% used [0x00000000e2780000,0x00000000e2780000,0x00000000e3200000)
  to   space 10240K, 0% used [0x00000000e1d80000,0x00000000e1d80000,0x00000000e2780000)
 ParOldGen       total 50688K, used 11033K [0x0000000081c00000, 0x0000000084d80000, 0x00000000d5f00000)
  object space 50688K, 21% used [0x0000000081c00000,0x00000000826c65c0,0x0000000084d80000)
 Metaspace       used 38155K, capacity 40992K, committed 41344K, reserved 1085440K
  class space    used 5158K, capacity 5644K, committed 5760K, reserved 1048576K

Card table byte_map: [0x0000000012b50000,0x0000000012f50000] byte_map_base: 0x0000000012742000

Marking Bits: (ParMarkBitMap*) 0x0000000070d92d00
 Begin Bits: [0x0000000013800000, 0x0000000015790000)
 End Bits:   [0x0000000015790000, 0x0000000017720000)

Polling page: 0x0000000002ef0000

CodeCache: size=245760Kb used=12990Kb max_used=12990Kb free=232769Kb
 bounds [0x0000000003790000, 0x0000000004450000, 0x0000000012790000]
 total_blobs=4022 nmethods=3599 adapters=335
 compilation: enabled

Compilation events (10 events):
Event: 3.209 Thread 0x0000000019efd800 3608       3       org.springframework.beans.factory.support.AbstractBeanDefinition::copyQualifiersFrom (20 bytes)
Event: 3.209 Thread 0x0000000019efd800 nmethod 3608 0x0000000004442bd0 code [0x0000000004442d60, 0x00000000044430d8]
Event: 3.209 Thread 0x0000000019efd800 3609       3       org.springframework.beans.factory.support.AbstractBeanDefinition::setNonPublicAccessAllowed (6 bytes)
Event: 3.209 Thread 0x0000000019efd800 nmethod 3609 0x0000000004443290 code [0x00000000044433e0, 0x0000000004443530]
Event: 3.210 Thread 0x0000000019efd800 3610  s    2       java.lang.reflect.Executable::declaredAnnotations (59 bytes)
Event: 3.210 Thread 0x0000000019efd800 nmethod 3610 0x00000000044435d0 code [0x00000000044437a0, 0x0000000004443c28]
Event: 3.215 Thread 0x0000000019efd800 3611       1       org.springframework.core.MethodParameter::getAnnotatedElement (5 bytes)
Event: 3.215 Thread 0x0000000019efd800 nmethod 3611 0x0000000004443ed0 code [0x0000000004444020, 0x0000000004444130]
Event: 3.215 Thread 0x0000000019efd800 3612       3       org.springframework.util.ClassUtils::isAssignableValue (34 bytes)
Event: 3.216 Thread 0x0000000019efd800 nmethod 3612 0x0000000004444190 code [0x0000000004444340, 0x0000000004444808]

GC Heap History (10 events):
Event: 1.303 GC heap before
{Heap before GC invocations=6 (full 1):
 PSYoungGen      total 71680K, used 5115K [0x00000000d5f00000, 0x00000000df200000, 0x0000000100000000)
  eden space 66560K, 0% used [0x00000000d5f00000,0x00000000d5f00000,0x00000000da000000)
  from space 5120K, 99% used [0x00000000da000000,0x00000000da4fee78,0x00000000da500000)
  to   space 8704K, 0% used [0x00000000de980000,0x00000000de980000,0x00000000df200000)
 ParOldGen       total 87552K, used 4424K [0x0000000081c00000, 0x0000000087180000, 0x00000000d5f00000)
  object space 87552K, 5% used [0x0000000081c00000,0x00000000820523b0,0x0000000087180000)
 Metaspace       used 19650K, capacity 21164K, committed 21296K, reserved 1067008K
  class space    used 2553K, capacity 2868K, committed 2944K, reserved 1048576K
Event: 1.320 GC heap after
Heap after GC invocations=6 (full 1):
 PSYoungGen      total 71680K, used 0K [0x00000000d5f00000, 0x00000000df200000, 0x0000000100000000)
  eden space 66560K, 0% used [0x00000000d5f00000,0x00000000d5f00000,0x00000000da000000)
  from space 5120K, 0% used [0x00000000da000000,0x00000000da000000,0x00000000da500000)
  to   space 8704K, 0% used [0x00000000de980000,0x00000000de980000,0x00000000df200000)
 ParOldGen       total 50688K, used 6786K [0x0000000081c00000, 0x0000000084d80000, 0x00000000d5f00000)
  object space 50688K, 13% used [0x0000000081c00000,0x00000000822a0800,0x0000000084d80000)
 Metaspace       used 19650K, capacity 21164K, committed 21296K, reserved 1067008K
  class space    used 2553K, capacity 2868K, committed 2944K, reserved 1048576K
}
Event: 1.560 GC heap before
{Heap before GC invocations=7 (full 1):
 PSYoungGen      total 71680K, used 66560K [0x00000000d5f00000, 0x00000000df200000, 0x0000000100000000)
  eden space 66560K, 100% used [0x00000000d5f00000,0x00000000da000000,0x00000000da000000)
  from space 5120K, 0% used [0x00000000da000000,0x00000000da000000,0x00000000da500000)
  to   space 8704K, 0% used [0x00000000de980000,0x00000000de980000,0x00000000df200000)
 ParOldGen       total 50688K, used 6786K [0x0000000081c00000, 0x0000000084d80000, 0x00000000d5f00000)
  object space 50688K, 13% used [0x0000000081c00000,0x00000000822a0800,0x0000000084d80000)
 Metaspace       used 24066K, capacity 25796K, committed 26112K, reserved 1071104K
  class space    used 3142K, capacity 3498K, committed 3584K, reserved 1048576K
Event: 1.564 GC heap after
Heap after GC invocations=7 (full 1):
 PSYoungGen      total 122368K, used 6771K [0x00000000d5f00000, 0x00000000df080000, 0x0000000100000000)
  eden space 115200K, 0% used [0x00000000d5f00000,0x00000000d5f00000,0x00000000dcf80000)
  from space 7168K, 94% used [0x00000000de980000,0x00000000df01cc30,0x00000000df080000)
  to   space 8704K, 0% used [0x00000000ddf80000,0x00000000ddf80000,0x00000000de800000)
 ParOldGen       total 50688K, used 6794K [0x0000000081c00000, 0x0000000084d80000, 0x00000000d5f00000)
  object space 50688K, 13% used [0x0000000081c00000,0x00000000822a2800,0x0000000084d80000)
 Metaspace       used 24066K, capacity 25796K, committed 26112K, reserved 1071104K
  class space    used 3142K, capacity 3498K, committed 3584K, reserved 1048576K
}
Event: 2.228 GC heap before
{Heap before GC invocations=8 (full 1):
 PSYoungGen      total 122368K, used 121971K [0x00000000d5f00000, 0x00000000df080000, 0x0000000100000000)
  eden space 115200K, 100% used [0x00000000d5f00000,0x00000000dcf80000,0x00000000dcf80000)
  from space 7168K, 94% used [0x00000000de980000,0x00000000df01cc30,0x00000000df080000)
  to   space 8704K, 0% used [0x00000000ddf80000,0x00000000ddf80000,0x00000000de800000)
 ParOldGen       total 50688K, used 6794K [0x0000000081c00000, 0x0000000084d80000, 0x00000000d5f00000)
  object space 50688K, 13% used [0x0000000081c00000,0x00000000822a2800,0x0000000084d80000)
 Metaspace       used 30764K, capacity 32938K, committed 33024K, reserved 1077248K
  class space    used 4138K, capacity 4537K, committed 4608K, reserved 1048576K
Event: 2.236 GC heap after
Heap after GC invocations=8 (full 1):
 PSYoungGen      total 140288K, used 8677K [0x00000000d5f00000, 0x00000000e3200000, 0x0000000100000000)
  eden space 131584K, 0% used [0x00000000d5f00000,0x00000000d5f00000,0x00000000ddf80000)
  from space 8704K, 99% used [0x00000000ddf80000,0x00000000de7f95b0,0x00000000de800000)
  to   space 10752K, 0% used [0x00000000e2780000,0x00000000e2780000,0x00000000e3200000)
 ParOldGen       total 50688K, used 9061K [0x0000000081c00000, 0x0000000084d80000, 0x00000000d5f00000)
  object space 50688K, 17% used [0x0000000081c00000,0x00000000824d9548,0x0000000084d80000)
 Metaspace       used 30764K, capacity 32938K, committed 33024K, reserved 1077248K
  class space    used 4138K, capacity 4537K, committed 4608K, reserved 1048576K
}
Event: 2.379 GC heap before
{Heap before GC invocations=9 (full 1):
 PSYoungGen      total 140288K, used 32868K [0x00000000d5f00000, 0x00000000e3200000, 0x0000000100000000)
  eden space 131584K, 18% used [0x00000000d5f00000,0x00000000d769fd48,0x00000000ddf80000)
  from space 8704K, 99% used [0x00000000ddf80000,0x00000000de7f95b0,0x00000000de800000)
  to   space 10752K, 0% used [0x00000000e2780000,0x00000000e2780000,0x00000000e3200000)
 ParOldGen       total 50688K, used 9061K [0x0000000081c00000, 0x0000000084d80000, 0x00000000d5f00000)
  object space 50688K, 17% used [0x0000000081c00000,0x00000000824d9548,0x0000000084d80000)
 Metaspace       used 33225K, capacity 35424K, committed 35496K, reserved 1079296K
  class space    used 4450K, capacity 4860K, committed 4864K, reserved 1048576K
Event: 2.384 GC heap after
Heap after GC invocations=9 (full 1):
 PSYoungGen      total 205824K, used 6198K [0x00000000d5f00000, 0x00000000e4c80000, 0x0000000100000000)
  eden space 195072K, 0% used [0x00000000d5f00000,0x00000000d5f00000,0x00000000e1d80000)
  from space 10752K, 57% used [0x00000000e2780000,0x00000000e2d8dbf0,0x00000000e3200000)
  to   space 10240K, 0% used [0x00000000e1d80000,0x00000000e1d80000,0x00000000e2780000)
 ParOldGen       total 50688K, used 9133K [0x0000000081c00000, 0x0000000084d80000, 0x00000000d5f00000)
  object space 50688K, 18% used [0x0000000081c00000,0x00000000824eb558,0x0000000084d80000)
 Metaspace       used 33225K, capacity 35424K, committed 35496K, reserved 1079296K
  class space    used 4450K, capacity 4860K, committed 4864K, reserved 1048576K
}
Event: 2.384 GC heap before
{Heap before GC invocations=10 (full 2):
 PSYoungGen      total 205824K, used 6198K [0x00000000d5f00000, 0x00000000e4c80000, 0x0000000100000000)
  eden space 195072K, 0% used [0x00000000d5f00000,0x00000000d5f00000,0x00000000e1d80000)
  from space 10752K, 57% used [0x00000000e2780000,0x00000000e2d8dbf0,0x00000000e3200000)
  to   space 10240K, 0% used [0x00000000e1d80000,0x00000000e1d80000,0x00000000e2780000)
 ParOldGen       total 50688K, used 9133K [0x0000000081c00000, 0x0000000084d80000, 0x00000000d5f00000)
  object space 50688K, 18% used [0x0000000081c00000,0x00000000824eb558,0x0000000084d80000)
 Metaspace       used 33225K, capacity 35424K, committed 35496K, reserved 1079296K
  class space    used 4450K, capacity 4860K, committed 4864K, reserved 1048576K
Event: 2.422 GC heap after
Heap after GC invocations=10 (full 2):
 PSYoungGen      total 205824K, used 0K [0x00000000d5f00000, 0x00000000e4c80000, 0x0000000100000000)
  eden space 195072K, 0% used [0x00000000d5f00000,0x00000000d5f00000,0x00000000e1d80000)
  from space 10752K, 0% used [0x00000000e2780000,0x00000000e2780000,0x00000000e3200000)
  to   space 10240K, 0% used [0x00000000e1d80000,0x00000000e1d80000,0x00000000e2780000)
 ParOldGen       total 50688K, used 11033K [0x0000000081c00000, 0x0000000084d80000, 0x00000000d5f00000)
  object space 50688K, 21% used [0x0000000081c00000,0x00000000826c65c0,0x0000000084d80000)
 Metaspace       used 33225K, capacity 35424K, committed 35496K, reserved 1079296K
  class space    used 4450K, capacity 4860K, committed 4864K, reserved 1048576K
}

Deoptimization events (10 events):
Event: 2.784 Thread 0x0000000003592800 Uncommon trap: reason=class_check action=maybe_recompile pc=0x0000000004242a4c method=org.springframework.beans.factory.support.AbstractBeanFactory.isTypeMatch(Ljava/lang/String;Lorg/springframework/core/ResolvableType;Z)Z @ 53
Event: 2.784 Thread 0x0000000003592800 Uncommon trap: reason=class_check action=maybe_recompile pc=0x0000000004242a4c method=org.springframework.beans.factory.support.AbstractBeanFactory.isTypeMatch(Ljava/lang/String;Lorg/springframework/core/ResolvableType;Z)Z @ 53
Event: 2.822 Thread 0x0000000003592800 Uncommon trap: reason=unstable_if action=reinterpret pc=0x0000000003daa01c method=java.util.Properties$LineReader.readLine()I @ 252
Event: 2.822 Thread 0x0000000003592800 Uncommon trap: reason=unstable_if action=reinterpret pc=0x0000000003d845ac method=java.util.Properties$LineReader.readLine()I @ 252
Event: 2.826 Thread 0x0000000003592800 Uncommon trap: reason=unstable_if action=reinterpret pc=0x0000000003d45244 method=java.io.WinNTFileSystem.isLetter(C)Z @ 15
Event: 2.828 Thread 0x0000000003592800 Uncommon trap: reason=unstable_if action=reinterpret pc=0x00000000042cceac method=org.springframework.aop.framework.autoproxy.AbstractAutoProxyCreator.predictBeanType(Ljava/lang/Class;Ljava/lang/String;)Ljava/lang/Class; @ 9
Event: 2.828 Thread 0x0000000003592800 Uncommon trap: reason=class_check action=maybe_recompile pc=0x0000000004242a4c method=org.springframework.beans.factory.support.AbstractBeanFactory.isTypeMatch(Ljava/lang/String;Lorg/springframework/core/ResolvableType;Z)Z @ 53
Event: 2.922 Thread 0x0000000003592800 Uncommon trap: reason=unstable_if action=reinterpret pc=0x0000000004238f54 method=java.lang.Class.searchMethods([Ljava/lang/reflect/Method;Ljava/lang/String;[Ljava/lang/Class;)Ljava/lang/reflect/Method; @ 47
Event: 3.103 Thread 0x0000000003592800 Uncommon trap: reason=unstable_if action=reinterpret pc=0x00000000040fb860 method=java.util.concurrent.ConcurrentHashMap.putVal(Ljava/lang/Object;Ljava/lang/Object;Z)Ljava/lang/Object; @ 331
Event: 3.103 Thread 0x0000000003592800 Uncommon trap: reason=unstable_if action=reinterpret pc=0x00000000041859a4 method=java.util.concurrent.ConcurrentHashMap.get(Ljava/lang/Object;)Ljava/lang/Object; @ 86

Classes redefined (0 events):
No events

Internal exceptions (10 events):
Event: 3.172 Thread 0x0000000003592800 Exception <a 'java/lang/ClassNotFoundException': org/springframework/web/servlet/HandlerAdapterCustomizer> (0x00000000dcd46078) thrown at [C:\re\workspace\8-2-build-windows-amd64-cygwin\jdk8u181\11358\hotspot\src\share\vm\classfile\systemDictionary.cpp, l
Event: 3.173 Thread 0x0000000003592800 Exception <a 'java/lang/ClassNotFoundException': org/springframework/core/OrderedCustomizer> (0x00000000dcd62138) thrown at [C:\re\workspace\8-2-build-windows-amd64-cygwin\jdk8u181\11358\hotspot\src\share\vm\classfile\systemDictionary.cpp, line 210]
Event: 3.173 Thread 0x0000000003592800 Exception <a 'java/lang/ClassNotFoundException': org/springframework/web/context/ServletContextAwareCustomizer> (0x00000000dcd853b8) thrown at [C:\re\workspace\8-2-build-windows-amd64-cygwin\jdk8u181\11358\hotspot\src\share\vm\classfile\systemDictionary.c
Event: 3.173 Thread 0x0000000003592800 Exception <a 'java/lang/ClassNotFoundException': org/springframework/beans/factory/AwareCustomizer> (0x00000000dcda3b68) thrown at [C:\re\workspace\8-2-build-windows-amd64-cygwin\jdk8u181\11358\hotspot\src\share\vm\classfile\systemDictionary.cpp, line 210
Event: 3.174 Thread 0x0000000003592800 Exception <a 'java/lang/ClassNotFoundException': org/springframework/context/ApplicationContextAwareCustomizer> (0x00000000dcdc6120) thrown at [C:\re\workspace\8-2-build-windows-amd64-cygwin\jdk8u181\11358\hotspot\src\share\vm\classfile\systemDictionary.c
Event: 3.174 Thread 0x0000000003592800 Exception <a 'java/lang/ClassNotFoundException': org/springframework/beans/factory/AwareCustomizer> (0x00000000dcde4e68) thrown at [C:\re\workspace\8-2-build-windows-amd64-cygwin\jdk8u181\11358\hotspot\src\share\vm\classfile\systemDictionary.cpp, line 210
Event: 3.211 Thread 0x0000000003592800 Exception <a 'java/lang/ClassNotFoundException': java/lang/ObjectCustomizer> (0x00000000dd3ff6a0) thrown at [C:\re\workspace\8-2-build-windows-amd64-cygwin\jdk8u181\11358\hotspot\src\share\vm\classfile\systemDictionary.cpp, line 210]
Event: 3.212 Thread 0x0000000003592800 Exception <a 'java/lang/ClassNotFoundException': org/springframework/web/servlet/resource/ResourceUrlProviderCustomizer> (0x00000000dd428740) thrown at [C:\re\workspace\8-2-build-windows-amd64-cygwin\jdk8u181\11358\hotspot\src\share\vm\classfile\systemDic
Event: 3.214 Thread 0x0000000003592800 Exception <a 'java/lang/ClassNotFoundException': org/springframework/context/ApplicationListenerCustomizer> (0x00000000dd4894d8) thrown at [C:\re\workspace\8-2-build-windows-amd64-cygwin\jdk8u181\11358\hotspot\src\share\vm\classfile\systemDictionary.cpp, 
Event: 3.214 Thread 0x0000000003592800 Exception <a 'java/lang/ClassNotFoundException': java/util/EventListenerCustomizer> (0x00000000dd498ea8) thrown at [C:\re\workspace\8-2-build-windows-amd64-cygwin\jdk8u181\11358\hotspot\src\share\vm\classfile\systemDictionary.cpp, line 210]

Events (10 events):
Event: 3.214 loading class java/util/EventListenerCustomizer
Event: 3.214 loading class java/util/EventListenerCustomizer done
Event: 3.214 loading class java/util/EventListenerCustomizer
Event: 3.214 loading class java/util/EventListenerCustomizer done
Event: 3.215 loading class org/springframework/web/cors/CorsProcessor
Event: 3.215 loading class org/springframework/web/cors/CorsProcessor done
Event: 3.216 loading class org/springframework/web/servlet/handler/HandlerMethodMappingNamingStrategy
Event: 3.216 loading class org/springframework/web/servlet/handler/HandlerMethodMappingNamingStrategy done
Event: 3.216 loading class org/springframework/web/bind/UnsatisfiedServletRequestParameterException
Event: 3.216 loading class org/springframework/web/bind/UnsatisfiedServletRequestParameterException done


Dynamic libraries:
0x00007ff6db540000 - 0x00007ff6db577000 	C:\Program Files\Java\jdk1.8.0_181\bin\java.exe
0x00007fff5e700000 - 0x00007fff5e8ed000 	C:\Windows\SYSTEM32\ntdll.dll
0x00007fff5cc80000 - 0x00007fff5cd33000 	C:\Windows\System32\KERNEL32.DLL
0x00007fff5b3a0000 - 0x00007fff5b635000 	C:\Windows\System32\KERNELBASE.dll
0x00007fff5bdd0000 - 0x00007fff5be73000 	C:\Windows\System32\ADVAPI32.dll
0x00007fff5c3d0000 - 0x00007fff5c46e000 	C:\Windows\System32\msvcrt.dll
0x00007fff5cb70000 - 0x00007fff5cc0e000 	C:\Windows\System32\sechost.dll
0x00007fff5bf80000 - 0x00007fff5c0a2000 	C:\Windows\System32\RPCRT4.dll
0x00007fff5c160000 - 0x00007fff5c2f7000 	C:\Windows\System32\USER32.dll
0x00007fff5a800000 - 0x00007fff5a820000 	C:\Windows\System32\win32u.dll
0x00007fff5b930000 - 0x00007fff5b959000 	C:\Windows\System32\GDI32.dll
0x00007fff5b050000 - 0x00007fff5b1ec000 	C:\Windows\System32\gdi32full.dll
0x00007fff5afb0000 - 0x00007fff5b050000 	C:\Windows\System32\msvcp_win.dll
0x00007fff5b820000 - 0x00007fff5b91a000 	C:\Windows\System32\ucrtbase.dll
0x00007fff38e60000 - 0x00007fff390d9000 	C:\Windows\WinSxS\amd64_microsoft.windows.common-controls_6595b64144ccf1df_6.0.17763.1577_none_de7444545348a3d0\COMCTL32.dll
0x00007fff5cea0000 - 0x00007fff5d1cd000 	C:\Windows\System32\combase.dll
0x00007fff5b320000 - 0x00007fff5b39e000 	C:\Windows\System32\bcryptPrimitives.dll
0x00007fff5be80000 - 0x00007fff5beae000 	C:\Windows\System32\IMM32.DLL
0x0000000070e20000 - 0x0000000070ef2000 	C:\Program Files\Java\jdk1.8.0_181\jre\bin\msvcr100.dll
0x0000000070570000 - 0x0000000070e12000 	C:\Program Files\Java\jdk1.8.0_181\jre\bin\server\jvm.dll
0x00007fff5b920000 - 0x00007fff5b928000 	C:\Windows\System32\PSAPI.DLL
0x00007fff45f90000 - 0x00007fff45fb4000 	C:\Windows\SYSTEM32\WINMM.dll
0x00007fff4db00000 - 0x00007fff4db09000 	C:\Windows\SYSTEM32\WSOCK32.dll
0x00007fff5c470000 - 0x00007fff5c4dd000 	C:\Windows\System32\WS2_32.dll
0x00007fff56f40000 - 0x00007fff56f4a000 	C:\Windows\SYSTEM32\VERSION.dll
0x00007fff52ce0000 - 0x00007fff52d0d000 	C:\Windows\SYSTEM32\winmmbase.dll
0x00007fff5a7b0000 - 0x00007fff5a7fa000 	C:\Windows\System32\cfgmgr32.dll
0x0000000070560000 - 0x000000007056f000 	C:\Program Files\Java\jdk1.8.0_181\jre\bin\verify.dll
0x0000000070530000 - 0x0000000070559000 	C:\Program Files\Java\jdk1.8.0_181\jre\bin\java.dll
0x0000000071a50000 - 0x0000000071a73000 	C:\Program Files\Java\jdk1.8.0_181\jre\bin\instrument.dll
0x0000000070510000 - 0x0000000070526000 	C:\Program Files\Java\jdk1.8.0_181\jre\bin\zip.dll
0x00007fff5d1d0000 - 0x00007fff5e6c9000 	C:\Windows\System32\SHELL32.dll
0x00007fff5c320000 - 0x00007fff5c3c8000 	C:\Windows\System32\shcore.dll
0x00007fff5a850000 - 0x00007fff5afa3000 	C:\Windows\System32\windows.storage.dll
0x00007fff5a780000 - 0x00007fff5a7a4000 	C:\Windows\System32\profapi.dll
0x00007fff5a6e0000 - 0x00007fff5a73d000 	C:\Windows\System32\powrprof.dll
0x00007fff5bbc0000 - 0x00007fff5bc12000 	C:\Windows\System32\shlwapi.dll
0x00007fff5a740000 - 0x00007fff5a751000 	C:\Windows\System32\kernel.appcore.dll
0x00007fff5b1f0000 - 0x00007fff5b207000 	C:\Windows\System32\cryptsp.dll
0x00007fff3c010000 - 0x00007fff3c02a000 	C:\Program Files\JetBrains\IntelliJ IDEA 2020.1\bin\breakgen64.dll
0x00000000704f0000 - 0x000000007050a000 	C:\Program Files\Java\jdk1.8.0_181\jre\bin\net.dll
0x00007fff59f50000 - 0x00007fff59fb7000 	C:\Windows\system32\mswsock.dll
0x00000000704d0000 - 0x00000000704e1000 	C:\Program Files\Java\jdk1.8.0_181\jre\bin\nio.dll
0x0000000071a80000 - 0x0000000071a8d000 	C:\Program Files\Java\jdk1.8.0_181\jre\bin\management.dll
0x00007fff42950000 - 0x00007fff42966000 	C:\Windows\system32\napinsp.dll
0x00007fff42930000 - 0x00007fff4294a000 	C:\Windows\system32\pnrpnsp.dll
0x00007fff59cb0000 - 0x00007fff59d76000 	C:\Windows\SYSTEM32\DNSAPI.dll
0x00007fff5cc10000 - 0x00007fff5cc18000 	C:\Windows\System32\NSI.dll
0x00007fff59c70000 - 0x00007fff59cad000 	C:\Windows\SYSTEM32\IPHLPAPI.DLL
0x00007fff42920000 - 0x00007fff4292e000 	C:\Windows\System32\winrnr.dll
0x00007fff573e0000 - 0x00007fff573fb000 	C:\Windows\system32\NLAapi.dll
0x00007fff42900000 - 0x00007fff42915000 	C:\Windows\system32\wshbth.dll
0x00007fff552a0000 - 0x00007fff552aa000 	C:\Windows\System32\rasadhlp.dll
0x00007fff559c0000 - 0x00007fff55a39000 	C:\Windows\System32\fwpuclnt.dll
0x00007fff5a820000 - 0x00007fff5a846000 	C:\Windows\System32\bcrypt.dll
0x00007fff55f50000 - 0x00007fff55f66000 	C:\Windows\SYSTEM32\dhcpcsvc6.DLL
0x00007fff55f30000 - 0x00007fff55f4c000 	C:\Windows\SYSTEM32\dhcpcsvc.DLL

VM Arguments:
jvm_args: -ea -Didea.test.cyclic.buffer.size=1048576 -javaagent:C:\Program Files\JetBrains\IntelliJ IDEA 2020.1\lib\idea_rt.jar=53189:C:\Program Files\JetBrains\IntelliJ IDEA 2020.1\bin -Dfile.encoding=UTF-8 
java_command: com.intellij.rt.junit.JUnitStarter -ideVersion5 -junit5 cn.shopping.lstsm_kgc.controller.PpandmskControllerTest,test
java_class_path (initial): C:\Program Files\JetBrains\IntelliJ IDEA 2020.1\lib\idea_rt.jar;C:\Users\shopping3\.m2\repository\org\junit\platform\junit-platform-launcher\1.7.0\junit-platform-launcher-1.7.0.jar;C:\Program Files\JetBrains\IntelliJ IDEA 2020.1\plugins\junit\lib\junit5-rt.jar;C:\Program Files\JetBrains\IntelliJ IDEA 2020.1\plugins\junit\lib\junit-rt.jar;C:\Program Files\Java\jdk1.8.0_181\jre\lib\charsets.jar;C:\Program Files\Java\jdk1.8.0_181\jre\lib\deploy.jar;C:\Program Files\Java\jdk1.8.0_181\jre\lib\ext\access-bridge-64.jar;C:\Program Files\Java\jdk1.8.0_181\jre\lib\ext\cldrdata.jar;C:\Program Files\Java\jdk1.8.0_181\jre\lib\ext\dnsns.jar;C:\Program Files\Java\jdk1.8.0_181\jre\lib\ext\jaccess.jar;C:\Program Files\Java\jdk1.8.0_181\jre\lib\ext\jfxrt.jar;C:\Program Files\Java\jdk1.8.0_181\jre\lib\ext\localedata.jar;C:\Program Files\Java\jdk1.8.0_181\jre\lib\ext\nashorn.jar;C:\Program Files\Java\jdk1.8.0_181\jre\lib\ext\sunec.jar;C:\Program Files\Java\jdk1.8.0_181\jre\lib\ext\sunjce_provider.jar;C:\Program Files\Java\jdk1.8.0_181\jre\lib\ext\sunmscapi.jar;C:\Program Files\Java\jdk1.8.0_181\jre\lib\ext\sunpkcs11.jar;C:\Program Files\Java\jdk1.8.0_181\jre\lib\ext\zipfs.jar;C:\Program Files\Java\jdk1.8.0_181\jre\lib\javaws.jar;C:\Program Files\Java\jdk1.8.0_181\jre\lib\jce.jar;C:\Program Files\Java\jdk1.8.0_181\jre\lib\jfr.jar;C:\Program Files\Java\jdk1.8.0_181\jre\lib\jfxswt.jar;C:\Program Files\Java\jdk1.8.0_181\jre\lib\jsse.jar;C:\Program Files\Java\jdk1.8.0_181\jre\lib\management-agent.jar;C:\Program Files\Java\jdk1.8.0_181\jre\lib\plugin.jar;C:\Program Files\Java\jdk1.8.0_181\jre\lib\resources.jar;C:\Program Files\Java\jdk1.8.0_181\jre\lib\rt.jar;C:\Users\shopping3\Documents\idea\lstsm_kgc\target\test-classes;C:\Users\shopping3\Documents\idea\lstsm_kgc\target\classes;C:\Users\shopping3\.m2\repository\org\springframework\boot\spring-boot-starter-data-redis\2.4.2\spring-boot-starter-data-redis-2.4.2.jar;C:\Users\shopping3\.m2\repository\org\springframe
Launcher Type: SUN_STANDARD

Environment Variables:
PATH=C:\Program Files (x86)\NetSarang\Xshell 7\;C:\Program Files (x86)\Common Files\Oracle\Java\javapath;C:\Windows\system32;C:\Windows;C:\Windows\System32\Wbem;C:\Windows\System32\WindowsPowerShell\v1.0\;C:\Windows\System32\OpenSSH\;C:\Program Files\nodejs\;C:\Program Files\Git\cmd;C:\Users\shopping3\AppData\Local\Microsoft\WindowsApps;;C:\Program Files\JetBrains\IntelliJ IDEA 2020.1\bin;;C:\Users\shopping3\AppData\Roaming\npm
USERNAME=shopping3
OS=Windows_NT
PROCESSOR_IDENTIFIER=Intel64 Family 6 Model 158 Stepping 10, GenuineIntel



---------------  S Y S T E M  ---------------

OS: Windows 10.0 , 64 bit Build 17763 (10.0.17763.475)

CPU:total 6 (initial active 6) (6 cores per cpu, 1 threads per core) family 6 model 158 stepping 10, cmov, cx8, fxsr, mmx, sse, sse2, sse3, ssse3, sse4.1, sse4.2, popcnt, avx, avx2, aes, clmul, erms, rtm, 3dnowpref, lzcnt, tsc, tscinvbit, bmi1, bmi2, adx

Memory: 4k page, physical 8268432k(1173100k free), swap 10365584k(3452k free)

vm_info: Java HotSpot(TM) 64-Bit Server VM (25.181-b13) for windows-amd64 JRE (1.8.0_181-b13), built on Jul  7 2018 04:01:33 by "java_re" with MS VC++ 10.0 (VS2010)

time: Sun Jan 24 20:46:44 2021
elapsed time: 3 seconds (0d 0h 0m 3s)

